# JRE version: OpenJDK Runtime Environment Temurin-21.0.10+7 (21.0.10+7) (build 21.0.10+7-LTS)
# Java VM: OpenJDK 64-Bit Server VM Temurin-21.0.10+7 (21.0.10+7-LTS, mixed mode, sharing, tiered, compressed oops, compressed class ptrs, parallel gc, windows-amd64)
GC Precious Log:
 CardTable entry size: 512
 CPUs: 12 total, 12 available
 Memory: 16052M
 Large Page Support: Disabled
 NUMA Support: Disabled
 Compressed Oops: Enabled (32-bit)
 Alignments: Space 512K, Generation 512K, Heap 2M
 Heap Min Capacity: 100M
 Heap Initial Capacity: 100M
 Heap Max Capacity: 2G
 Pre-touch: Disabled
 Parallel Workers: 10
Heap:
 PSYoungGen      total 4096K, used 1178K [0x00000000d5580000, 0x00000000d5a80000, 0x0000000100000000)
  eden space 3072K, 30% used [0x00000000d5580000,0x00000000d5666860,0x00000000d5880000)
  from space 1024K, 25% used [0x00000000d5880000,0x00000000d58c0000,0x00000000d5980000)
  to   space 512K, 0% used [0x00000000d5a00000,0x00000000d5a00000,0x00000000d5a80000)
 ParOldGen       total 391168K, used 390869K [0x0000000080000000, 0x0000000097e00000, 0x00000000d5580000)
  object space 391168K, 99% used [0x0000000080000000,0x0000000097db54a0,0x0000000097e00000)
 Metaspace       used 70137K, committed 71680K, reserved 1114112K
  class space    used 7130K, committed 7872K, reserved 1048576K
GC Heap History (20 events):
Event: 3352.041 GC heap before
{Heap before GC invocations=251 (full 4):
 PSYoungGen      total 4096K, used 3610K [0x00000000d5580000, 0x00000000d5c80000, 0x0000000100000000)
  eden space 2560K, 81% used [0x00000000d5580000,0x00000000d5786b68,0x00000000d5800000)
  from space 1536K, 99% used [0x00000000d5800000,0x00000000d597fe10,0x00000000d5980000)
  to   space 2048K, 0% used [0x00000000d5a80000,0x00000000d5a80000,0x00000000d5c80000)
 ParOldGen       total 350720K, used 350687K [0x0000000080000000, 0x0000000095680000, 0x00000000d5580000)
  object space 350720K, 99% used [0x0000000080000000,0x0000000095677dc8,0x0000000095680000)
 Metaspace       used 69982K, committed 71488K, reserved 1114112K
  class space    used 7127K, committed 7872K, reserved 1048576K
}
Event: 3352.042 GC heap after
{Heap after GC invocations=251 (full 4):
 PSYoungGen      total 5120K, used 1680K [0x00000000d5580000, 0x00000000d5c80000, 0x0000000100000000)
  eden space 3072K, 0% used [0x00000000d5580000,0x00000000d5580000,0x00000000d5880000)
  from space 2048K, 82% used [0x00000000d5a80000,0x00000000d5c24010,0x00000000d5c80000)
  to   space 2048K, 0% used [0x00000000d5880000,0x00000000d5880000,0x00000000d5a80000)
 ParOldGen       total 352256K, used 352074K [0x0000000080000000, 0x0000000095800000, 0x00000000d5580000)
  object space 352256K, 99% used [0x0000000080000000,0x00000000957d29f8,0x0000000095800000)
 Metaspace       used 69982K, committed 71488K, reserved 1114112K
  class space    used 7127K, committed 7872K, reserved 1048576K
}
Event: 3352.047 GC heap before
{Heap before GC invocations=252 (full 4):
 PSYoungGen      total 5120K, used 4752K [0x00000000d5580000, 0x00000000d5c80000, 0x0000000100000000)
  eden space 3072K, 100% used [0x00000000d5580000,0x00000000d5880000,0x00000000d5880000)
  from space 2048K, 82% used [0x00000000d5a80000,0x00000000d5c24010,0x00000000d5c80000)
  to   space 2048K, 0% used [0x00000000d5880000,0x00000000d5880000,0x00000000d5a80000)
 ParOldGen       total 352256K, used 352074K [0x0000000080000000, 0x0000000095800000, 0x00000000d5580000)
  object space 352256K, 99% used [0x0000000080000000,0x00000000957d29f8,0x0000000095800000)
 Metaspace       used 69986K, committed 71488K, reserved 1114112K
  class space    used 7127K, committed 7872K, reserved 1048576K
}
Event: 3352.048 GC heap after
{Heap after GC invocations=252 (full 4):
 PSYoungGen      total 5120K, used 1548K [0x00000000d5580000, 0x00000000d5d80000, 0x0000000100000000)
  eden space 3072K, 0% used [0x00000000d5580000,0x00000000d5580000,0x00000000d5880000)
  from space 2048K, 75% used [0x00000000d5880000,0x00000000d5a030e0,0x00000000d5a80000)
  to   space 2048K, 0% used [0x00000000d5b80000,0x00000000d5b80000,0x00000000d5d80000)
 ParOldGen       total 353792K, used 353640K [0x0000000080000000, 0x0000000095980000, 0x00000000d5580000)
  object space 353792K, 99% used [0x0000000080000000,0x000000009595a3e8,0x0000000095980000)
 Metaspace       used 69986K, committed 71488K, reserved 1114112K
  class space    used 7127K, committed 7872K, reserved 1048576K
}
Event: 3352.052 GC heap before
{Heap before GC invocations=253 (full 4):
 PSYoungGen      total 5120K, used 4620K [0x00000000d5580000, 0x00000000d5d80000, 0x0000000100000000)
  eden space 3072K, 100% used [0x00000000d5580000,0x00000000d5880000,0x00000000d5880000)
  from space 2048K, 75% used [0x00000000d5880000,0x00000000d5a030e0,0x00000000d5a80000)
  to   space 2048K, 0% used [0x00000000d5b80000,0x00000000d5b80000,0x00000000d5d80000)
 ParOldGen       total 353792K, used 353640K [0x0000000080000000, 0x0000000095980000, 0x00000000d5580000)
  object space 353792K, 99% used [0x0000000080000000,0x000000009595a3e8,0x0000000095980000)
 Metaspace       used 70018K, committed 71552K, reserved 1114112K
  class space    used 7127K, committed 7872K, reserved 1048576K
}
Event: 3352.053 GC heap after
{Heap after GC invocations=253 (full 4):
 PSYoungGen      total 5632K, used 1344K [0x00000000d5580000, 0x00000000d5d00000, 0x0000000100000000)
  eden space 4096K, 0% used [0x00000000d5580000,0x00000000d5580000,0x00000000d5980000)
  from space 1536K, 87% used [0x00000000d5b80000,0x00000000d5cd00c8,0x00000000d5d00000)
  to   space 1536K, 0% used [0x00000000d5a00000,0x00000000d5a00000,0x00000000d5b80000)
 ParOldGen       total 355328K, used 355075K [0x0000000080000000, 0x0000000095b00000, 0x00000000d5580000)
  object space 355328K, 99% used [0x0000000080000000,0x0000000095ac0f38,0x0000000095b00000)
 Metaspace       used 70018K, committed 71552K, reserved 1114112K
  class space    used 7127K, committed 7872K, reserved 1048576K
}
Event: 3352.062 GC heap before
{Heap before GC invocations=254 (full 4):
 PSYoungGen      total 5632K, used 5440K [0x00000000d5580000, 0x00000000d5d00000, 0x0000000100000000)
  eden space 4096K, 100% used [0x00000000d5580000,0x00000000d5980000,0x00000000d5980000)
  from space 1536K, 87% used [0x00000000d5b80000,0x00000000d5cd00c8,0x00000000d5d00000)
  to   space 1536K, 0% used [0x00000000d5a00000,0x00000000d5a00000,0x00000000d5b80000)
 ParOldGen       total 355328K, used 355075K [0x0000000080000000, 0x0000000095b00000, 0x00000000d5580000)
  object space 355328K, 99% used [0x0000000080000000,0x0000000095ac0f38,0x0000000095b00000)
 Metaspace       used 70032K, committed 71552K, reserved 1114112K
  class space    used 7127K, committed 7872K, reserved 1048576K
}
Event: 3352.063 GC heap after
{Heap after GC invocations=254 (full 4):
 PSYoungGen      total 5120K, used 992K [0x00000000d5580000, 0x00000000d5c80000, 0x0000000100000000)
  eden space 4096K, 0% used [0x00000000d5580000,0x00000000d5580000,0x00000000d5980000)
  from space 1024K, 96% used [0x00000000d5a00000,0x00000000d5af8000,0x00000000d5b00000)
  to   space 1536K, 0% used [0x00000000d5b00000,0x00000000d5b00000,0x00000000d5c80000)
 ParOldGen       total 356352K, used 356284K [0x0000000080000000, 0x0000000095c00000, 0x00000000d5580000)
  object space 356352K, 99% used [0x0000000080000000,0x0000000095bef2f8,0x0000000095c00000)
 Metaspace       used 70032K, committed 71552K, reserved 1114112K
  class space    used 7127K, committed 7872K, reserved 1048576K
}
Event: 3352.077 GC heap before
{Heap before GC invocations=255 (full 4):
 PSYoungGen      total 5120K, used 5088K [0x00000000d5580000, 0x00000000d5c80000, 0x0000000100000000)
  eden space 4096K, 100% used [0x00000000d5580000,0x00000000d5980000,0x00000000d5980000)
  from space 1024K, 96% used [0x00000000d5a00000,0x00000000d5af8000,0x00000000d5b00000)
  to   space 1536K, 0% used [0x00000000d5b00000,0x00000000d5b00000,0x00000000d5c80000)
 ParOldGen       total 356352K, used 356284K [0x0000000080000000, 0x0000000095c00000, 0x00000000d5580000)
  object space 356352K, 99% used [0x0000000080000000,0x0000000095bef2f8,0x0000000095c00000)
 Metaspace       used 70061K, committed 71552K, reserved 1114112K
  class space    used 7127K, committed 7872K, reserved 1048576K
}
Event: 3352.078 GC heap after
{Heap after GC invocations=255 (full 4):
 PSYoungGen      total 5632K, used 1109K [0x00000000d5580000, 0x00000000d5c80000, 0x0000000100000000)
  eden space 4096K, 0% used [0x00000000d5580000,0x00000000d5580000,0x00000000d5980000)
  from space 1536K, 72% used [0x00000000d5b00000,0x00000000d5c15660,0x00000000d5c80000)
  to   space 1536K, 0% used [0x00000000d5980000,0x00000000d5980000,0x00000000d5b00000)
 ParOldGen       total 357376K, used 357108K [0x0000000080000000, 0x0000000095d00000, 0x00000000d5580000)
  object space 357376K, 99% used [0x0000000080000000,0x0000000095cbd2f8,0x0000000095d00000)
 Metaspace       used 70061K, committed 71552K, reserved 1114112K
  class space    used 7127K, committed 7872K, reserved 1048576K
}
Event: 3352.120 GC heap before
{Heap before GC invocations=256 (full 4):
 PSYoungGen      total 5632K, used 5205K [0x00000000d5580000, 0x00000000d5c80000, 0x0000000100000000)
  eden space 4096K, 100% used [0x00000000d5580000,0x00000000d5980000,0x00000000d5980000)
  from space 1536K, 72% used [0x00000000d5b00000,0x00000000d5c15660,0x00000000d5c80000)
  to   space 1536K, 0% used [0x00000000d5980000,0x00000000d5980000,0x00000000d5b00000)
 ParOldGen       total 389120K, used 387828K [0x0000000080000000, 0x0000000097c00000, 0x00000000d5580000)
  object space 389120K, 99% used [0x0000000080000000,0x0000000097abd328,0x0000000097c00000)
 Metaspace       used 70080K, committed 71616K, reserved 1114112K
  class space    used 7127K, committed 7872K, reserved 1048576K
}
Event: 3352.121 GC heap after
{Heap after GC invocations=256 (full 4):
 PSYoungGen      total 4608K, used 512K [0x00000000d5580000, 0x00000000d5b80000, 0x0000000100000000)
  eden space 4096K, 0% used [0x00000000d5580000,0x00000000d5580000,0x00000000d5980000)
  from space 512K, 100% used [0x00000000d5980000,0x00000000d5a00000,0x00000000d5a00000)
  to   space 1024K, 0% used [0x00000000d5a80000,0x00000000d5a80000,0x00000000d5b80000)
 ParOldGen       total 389120K, used 388683K [0x0000000080000000, 0x0000000097c00000, 0x00000000d5580000)
  object space 389120K, 99% used [0x0000000080000000,0x0000000097b92e88,0x0000000097c00000)
 Metaspace       used 70080K, committed 71616K, reserved 1114112K
  class space    used 7127K, committed 7872K, reserved 1048576K
}
Event: 3559.510 GC heap before
{Heap before GC invocations=257 (full 4):
 PSYoungGen      total 4608K, used 4608K [0x00000000d5580000, 0x00000000d5b80000, 0x0000000100000000)
  eden space 4096K, 100% used [0x00000000d5580000,0x00000000d5980000,0x00000000d5980000)
  from space 512K, 100% used [0x00000000d5980000,0x00000000d5a00000,0x00000000d5a00000)
  to   space 1024K, 0% used [0x00000000d5a80000,0x00000000d5a80000,0x00000000d5b80000)
 ParOldGen       total 389120K, used 388683K [0x0000000080000000, 0x0000000097c00000, 0x00000000d5580000)
  object space 389120K, 99% used [0x0000000080000000,0x0000000097b92e88,0x0000000097c00000)
 Metaspace       used 70099K, committed 71616K, reserved 1114112K
  class space    used 7128K, committed 7872K, reserved 1048576K
}
Event: 3559.511 GC heap after
{Heap after GC invocations=257 (full 4):
 PSYoungGen      total 4096K, used 1012K [0x00000000d5580000, 0x00000000d5d80000, 0x0000000100000000)
  eden space 3072K, 0% used [0x00000000d5580000,0x00000000d5580000,0x00000000d5880000)
  from space 1024K, 98% used [0x00000000d5a80000,0x00000000d5b7d380,0x00000000d5b80000)
  to   space 2048K, 0% used [0x00000000d5880000,0x00000000d5880000,0x00000000d5a80000)
 ParOldGen       total 389632K, used 389147K [0x0000000080000000, 0x0000000097c80000, 0x00000000d5580000)
  object space 389632K, 99% used [0x0000000080000000,0x0000000097c06d20,0x0000000097c80000)
 Metaspace       used 70099K, committed 71616K, reserved 1114112K
  class space    used 7128K, committed 7872K, reserved 1048576K
}
Event: 3559.517 GC heap before
{Heap before GC invocations=258 (full 4):
 PSYoungGen      total 4096K, used 4074K [0x00000000d5580000, 0x00000000d5d80000, 0x0000000100000000)
  eden space 3072K, 99% used [0x00000000d5580000,0x00000000d587d6e0,0x00000000d5880000)
  from space 1024K, 98% used [0x00000000d5a80000,0x00000000d5b7d380,0x00000000d5b80000)
  to   space 2048K, 0% used [0x00000000d5880000,0x00000000d5880000,0x00000000d5a80000)
 ParOldGen       total 389632K, used 389147K [0x0000000080000000, 0x0000000097c80000, 0x00000000d5580000)
  object space 389632K, 99% used [0x0000000080000000,0x0000000097c06d20,0x0000000097c80000)
 Metaspace       used 70105K, committed 71616K, reserved 1114112K
  class space    used 7129K, committed 7872K, reserved 1048576K
}
Event: 3559.519 GC heap after
{Heap after GC invocations=258 (full 4):
 PSYoungGen      total 4096K, used 890K [0x00000000d5580000, 0x00000000d5b80000, 0x0000000100000000)
  eden space 3072K, 0% used [0x00000000d5580000,0x00000000d5580000,0x00000000d5880000)
  from space 1024K, 86% used [0x00000000d5880000,0x00000000d595eb00,0x00000000d5980000)
  to   space 1536K, 0% used [0x00000000d5a00000,0x00000000d5a00000,0x00000000d5b80000)
 ParOldGen       total 390144K, used 390140K [0x0000000080000000, 0x0000000097d00000, 0x00000000d5580000)
  object space 390144K, 99% used [0x0000000080000000,0x0000000097cff340,0x0000000097d00000)
 Metaspace       used 70105K, committed 71616K, reserved 1114112K
  class space    used 7129K, committed 7872K, reserved 1048576K
}
Event: 3559.553 GC heap before
{Heap before GC invocations=259 (full 4):
 PSYoungGen      total 4096K, used 3962K [0x00000000d5580000, 0x00000000d5b80000, 0x0000000100000000)
  eden space 3072K, 99% used [0x00000000d5580000,0x00000000d587ffb8,0x00000000d5880000)
  from space 1024K, 86% used [0x00000000d5880000,0x00000000d595eb00,0x00000000d5980000)
  to   space 1536K, 0% used [0x00000000d5a00000,0x00000000d5a00000,0x00000000d5b80000)
 ParOldGen       total 390144K, used 390140K [0x0000000080000000, 0x0000000097d00000, 0x00000000d5580000)
  object space 390144K, 99% used [0x0000000080000000,0x0000000097cff340,0x0000000097d00000)
 Metaspace       used 70109K, committed 71616K, reserved 1114112K
  class space    used 7129K, committed 7872K, reserved 1048576K
}
Event: 3559.554 GC heap after
{Heap after GC invocations=259 (full 4):
 PSYoungGen      total 3584K, used 410K [0x00000000d5580000, 0x00000000d5a80000, 0x0000000100000000)
  eden space 3072K, 0% used [0x00000000d5580000,0x00000000d5580000,0x00000000d5880000)
  from space 512K, 80% used [0x00000000d5a00000,0x00000000d5a66a40,0x00000000d5a80000)
  to   space 1024K, 0% used [0x00000000d5880000,0x00000000d5880000,0x00000000d5980000)
 ParOldGen       total 391168K, used 390797K [0x0000000080000000, 0x0000000097e00000, 0x00000000d5580000)
  object space 391168K, 99% used [0x0000000080000000,0x0000000097da34a0,0x0000000097e00000)
 Metaspace       used 70109K, committed 71616K, reserved 1114112K
  class space    used 7129K, committed 7872K, reserved 1048576K
}
Event: 3604.597 GC heap before
{Heap before GC invocations=260 (full 4):
 PSYoungGen      total 3584K, used 3482K [0x00000000d5580000, 0x00000000d5a80000, 0x0000000100000000)
  eden space 3072K, 99% used [0x00000000d5580000,0x00000000d587ffe8,0x00000000d5880000)
  from space 512K, 80% used [0x00000000d5a00000,0x00000000d5a66a40,0x00000000d5a80000)
  to   space 1024K, 0% used [0x00000000d5880000,0x00000000d5880000,0x00000000d5980000)
 ParOldGen       total 391168K, used 390797K [0x0000000080000000, 0x0000000097e00000, 0x00000000d5580000)
  object space 391168K, 99% used [0x0000000080000000,0x0000000097da34a0,0x0000000097e00000)
 Metaspace       used 70128K, committed 71616K, reserved 1114112K
  class space    used 7130K, committed 7872K, reserved 1048576K
}
Event: 3604.599 GC heap after
{Heap after GC invocations=260 (full 4):
 PSYoungGen      total 4096K, used 256K [0x00000000d5580000, 0x00000000d5a80000, 0x0000000100000000)
  eden space 3072K, 0% used [0x00000000d5580000,0x00000000d5580000,0x00000000d5880000)
  from space 1024K, 25% used [0x00000000d5880000,0x00000000d58c0000,0x00000000d5980000)
  to   space 512K, 0% used [0x00000000d5a00000,0x00000000d5a00000,0x00000000d5a80000)
 ParOldGen       total 391168K, used 390869K [0x0000000080000000, 0x0000000097e00000, 0x00000000d5580000)
  object space 391168K, 99% used [0x0000000080000000,0x0000000097db54a0,0x0000000097e00000)
 Metaspace       used 70128K, committed 71616K, reserved 1114112K
  class space    used 7130K, committed 7872K, reserved 1048576K
}

